12:41:30.021 xcz.log [main] INFO  top.alvinsite.demo.DemoApplication - Starting DemoApplication on DESKTOP-K5MT1OK with PID 12864 (C:\Users\Administrator\IdeaProjects\demo\out\artifacts\demo_jar\demo.jar started by Administrator in C:\Users\Administrator\IdeaProjects\demo\out\artifacts\demo_jar)
12:41:30.040 xcz.log [main] INFO  top.alvinsite.demo.DemoApplication - No active profile set, falling back to default profiles: default
12:41:31.307 xcz.log [main] INFO  o.s.d.r.c.RepositoryConfigurationDelegate - Multiple Spring Data modules found, entering strict repository configuration mode!
12:41:31.310 xcz.log [main] INFO  o.s.d.r.c.RepositoryConfigurationDelegate - Bootstrapping Spring Data Redis repositories in DEFAULT mode.
12:41:31.385 xcz.log [main] INFO  o.s.d.r.c.RepositoryConfigurationDelegate - Finished Spring Data repository scanning in 53ms. Found 0 Redis repository interfaces.
12:41:33.078 xcz.log [main] INFO  o.s.b.w.e.tomcat.TomcatWebServer - Tomcat initialized with port(s): 8080 (http)
12:41:33.090 xcz.log [main] INFO  o.a.coyote.http11.Http11NioProtocol - Initializing ProtocolHandler ["http-nio-8080"]
12:41:33.091 xcz.log [main] INFO  o.a.catalina.core.StandardService - Starting service [Tomcat]
12:41:33.091 xcz.log [main] INFO  o.a.catalina.core.StandardEngine - Starting Servlet engine: [Apache Tomcat/9.0.35]
12:41:33.188 xcz.log [main] INFO  o.a.c.c.C.[Tomcat].[localhost].[/] - Initializing Spring embedded WebApplicationContext
12:41:33.189 xcz.log [main] INFO  o.s.web.context.ContextLoader - Root WebApplicationContext: initialization completed in 3044 ms
12:41:36.729 xcz.log [main] INFO  s.d.s.w.PropertySourcedRequestMappingHandlerMapping - Mapped URL path [/v2/api-docs] onto method [springfox.documentation.swagger2.web.Swagger2Controller#getDocumentation(String, HttpServletRequest)]
12:41:36.948 xcz.log [main] INFO  o.s.s.c.ThreadPoolTaskExecutor - Initializing ExecutorService 'applicationTaskExecutor'
12:41:37.331 xcz.log [main] INFO  xcz.config.ParameterConfig - 配置接口日志
12:41:37.341 xcz.log [main] INFO  xcz.config.PermissionConfig - 初始化权限拦截器
12:41:37.376 xcz.log [main] INFO  o.a.coyote.http11.Http11NioProtocol - Starting ProtocolHandler ["http-nio-8080"]
12:41:37.456 xcz.log [main] INFO  o.s.b.w.e.tomcat.TomcatWebServer - Tomcat started on port(s): 8080 (http) with context path ''
12:41:37.462 xcz.log [main] INFO  s.d.s.w.p.DocumentationPluginsBootstrapper - Context refreshed
12:41:37.501 xcz.log [main] INFO  s.d.s.w.p.DocumentationPluginsBootstrapper - Found 1 custom documentation plugin(s)
12:41:37.830 xcz.log [main] INFO  s.d.s.w.s.ApiListingReferenceScanner - Scanning for api listing references
12:41:37.942 xcz.log [main] INFO  s.d.s.w.r.o.CachingOperationNameGenerator - Generating unique operation named: deleteAdminUsingGET_1
12:41:37.948 xcz.log [main] INFO  s.d.s.w.r.o.CachingOperationNameGenerator - Generating unique operation named: deleteAdminUsingHEAD_1
12:41:37.949 xcz.log [main] INFO  s.d.s.w.r.o.CachingOperationNameGenerator - Generating unique operation named: deleteAdminUsingPOST_1
12:41:37.950 xcz.log [main] INFO  s.d.s.w.r.o.CachingOperationNameGenerator - Generating unique operation named: deleteAdminUsingPUT_1
12:41:37.951 xcz.log [main] INFO  s.d.s.w.r.o.CachingOperationNameGenerator - Generating unique operation named: deleteAdminUsingPATCH_1
12:41:37.953 xcz.log [main] INFO  s.d.s.w.r.o.CachingOperationNameGenerator - Generating unique operation named: deleteAdminUsingDELETE_1
12:41:37.956 xcz.log [main] INFO  s.d.s.w.r.o.CachingOperationNameGenerator - Generating unique operation named: deleteAdminUsingOPTIONS_1
12:41:37.958 xcz.log [main] INFO  s.d.s.w.r.o.CachingOperationNameGenerator - Generating unique operation named: deleteAdminUsingTRACE_1
12:41:38.201 xcz.log [main] INFO  s.d.s.w.r.o.CachingOperationNameGenerator - Generating unique operation named: getUsingGET_1
12:41:38.325 xcz.log [main] INFO  s.d.s.w.r.o.CachingOperationNameGenerator - Generating unique operation named: getUsingGET_2
12:41:38.327 xcz.log [main] INFO  s.d.s.w.r.o.CachingOperationNameGenerator - Generating unique operation named: testUsingPOST_1
12:41:38.331 xcz.log [main] INFO  s.d.s.w.r.o.CachingOperationNameGenerator - Generating unique operation named: getUsingGET_3
12:41:38.335 xcz.log [main] INFO  s.d.s.w.r.o.CachingOperationNameGenerator - Generating unique operation named: postUsingPOST_1
12:41:38.348 xcz.log [main] INFO  s.d.s.w.r.o.CachingOperationNameGenerator - Generating unique operation named: getUsingGET_4
12:41:38.349 xcz.log [main] INFO  s.d.s.w.r.o.CachingOperationNameGenerator - Generating unique operation named: testUsingPOST_2
12:41:38.356 xcz.log [main] INFO  s.d.s.w.r.o.CachingOperationNameGenerator - Generating unique operation named: getUsingGET_5
12:41:38.361 xcz.log [main] INFO  s.d.s.w.r.o.CachingOperationNameGenerator - Generating unique operation named: postUsingPOST_2
12:41:38.370 xcz.log [main] INFO  s.d.s.w.r.o.CachingOperationNameGenerator - Generating unique operation named: indexUsingGET_1
12:41:38.484 xcz.log [main] INFO  s.d.s.w.r.o.CachingOperationNameGenerator - Generating unique operation named: getUsingGET_6
12:41:38.485 xcz.log [main] INFO  s.d.s.w.r.o.CachingOperationNameGenerator - Generating unique operation named: testUsingPOST_3
12:41:38.488 xcz.log [main] INFO  s.d.s.w.r.o.CachingOperationNameGenerator - Generating unique operation named: getUsingGET_7
12:41:38.494 xcz.log [main] INFO  s.d.s.w.r.o.CachingOperationNameGenerator - Generating unique operation named: postUsingPOST_3
12:41:38.517 xcz.log [main] INFO  s.d.s.w.r.o.CachingOperationNameGenerator - Generating unique operation named: getUsingGET_8
12:41:38.521 xcz.log [main] INFO  s.d.s.w.r.o.CachingOperationNameGenerator - Generating unique operation named: testUsingPOST_4
12:41:38.527 xcz.log [main] INFO  s.d.s.w.r.o.CachingOperationNameGenerator - Generating unique operation named: getUsingGET_9
12:41:38.531 xcz.log [main] INFO  s.d.s.w.r.o.CachingOperationNameGenerator - Generating unique operation named: postUsingPOST_4
12:41:38.537 xcz.log [main] INFO  s.d.s.w.r.o.CachingOperationNameGenerator - Generating unique operation named: deleteManagerUsingGET_1
12:41:38.538 xcz.log [main] INFO  s.d.s.w.r.o.CachingOperationNameGenerator - Generating unique operation named: deleteManagerUsingHEAD_1
12:41:38.540 xcz.log [main] INFO  s.d.s.w.r.o.CachingOperationNameGenerator - Generating unique operation named: deleteManagerUsingPOST_1
12:41:38.551 xcz.log [main] INFO  s.d.s.w.r.o.CachingOperationNameGenerator - Generating unique operation named: deleteManagerUsingPUT_1
12:41:38.553 xcz.log [main] INFO  s.d.s.w.r.o.CachingOperationNameGenerator - Generating unique operation named: deleteManagerUsingPATCH_1
12:41:38.554 xcz.log [main] INFO  s.d.s.w.r.o.CachingOperationNameGenerator - Generating unique operation named: deleteManagerUsingDELETE_1
12:41:38.559 xcz.log [main] INFO  s.d.s.w.r.o.CachingOperationNameGenerator - Generating unique operation named: deleteManagerUsingOPTIONS_1
12:41:38.561 xcz.log [main] INFO  s.d.s.w.r.o.CachingOperationNameGenerator - Generating unique operation named: deleteManagerUsingTRACE_1
12:41:38.579 xcz.log [main] INFO  s.d.s.w.r.o.CachingOperationNameGenerator - Generating unique operation named: getCandidateListUsingGET_1
12:41:38.644 xcz.log [main] INFO  s.d.s.w.r.o.CachingOperationNameGenerator - Generating unique operation named: getUsingGET_10
12:41:38.646 xcz.log [main] INFO  s.d.s.w.r.o.CachingOperationNameGenerator - Generating unique operation named: testUsingPOST_5
12:41:38.649 xcz.log [main] INFO  s.d.s.w.r.o.CachingOperationNameGenerator - Generating unique operation named: getUsingGET_11
12:41:38.653 xcz.log [main] INFO  s.d.s.w.r.o.CachingOperationNameGenerator - Generating unique operation named: postUsingPOST_5
12:41:38.665 xcz.log [main] INFO  s.d.s.w.r.o.CachingOperationNameGenerator - Generating unique operation named: getUsingGET_12
12:41:38.667 xcz.log [main] INFO  s.d.s.w.r.o.CachingOperationNameGenerator - Generating unique operation named: testUsingPOST_6
12:41:38.669 xcz.log [main] INFO  s.d.s.w.r.o.CachingOperationNameGenerator - Generating unique operation named: getUsingGET_13
12:41:38.673 xcz.log [main] INFO  s.d.s.w.r.o.CachingOperationNameGenerator - Generating unique operation named: postUsingPOST_6
12:41:38.680 xcz.log [main] INFO  s.d.s.w.r.o.CachingOperationNameGenerator - Generating unique operation named: getUsingGET_14
12:41:38.682 xcz.log [main] INFO  s.d.s.w.r.o.CachingOperationNameGenerator - Generating unique operation named: testUsingPOST_7
12:41:38.683 xcz.log [main] WARN  s.d.s.w.r.p.ParameterDataTypeReader - Trying to infer dataType java.lang.String[]
12:41:38.685 xcz.log [main] INFO  s.d.s.w.r.o.CachingOperationNameGenerator - Generating unique operation named: listUsingGET_1
12:41:38.688 xcz.log [main] INFO  s.d.s.w.r.o.CachingOperationNameGenerator - Generating unique operation named: saveUsingPOST_1
12:41:38.692 xcz.log [main] INFO  s.d.s.w.r.o.CachingOperationNameGenerator - Generating unique operation named: getUsingGET_15
12:41:38.696 xcz.log [main] INFO  s.d.s.w.r.o.CachingOperationNameGenerator - Generating unique operation named: postUsingPOST_7
12:41:38.700 xcz.log [main] INFO  s.d.s.w.r.o.CachingOperationNameGenerator - Generating unique operation named: importExcelUsingPOST_1
12:41:38.718 xcz.log [main] INFO  s.d.s.w.r.o.CachingOperationNameGenerator - Generating unique operation named: listUsingGET_2
12:41:38.726 xcz.log [main] INFO  s.d.s.w.r.o.CachingOperationNameGenerator - Generating unique operation named: listUsingGET_3
12:41:38.731 xcz.log [main] INFO  s.d.s.w.r.o.CachingOperationNameGenerator - Generating unique operation named: indexUsingGET_2
12:41:38.771 xcz.log [main] INFO  s.d.s.w.r.o.CachingOperationNameGenerator - Generating unique operation named: importExcelUsingPOST_2
12:41:38.786 xcz.log [main] INFO  s.d.s.w.r.o.CachingOperationNameGenerator - Generating unique operation named: listUsingGET_4
12:41:38.787 xcz.log [main] INFO  s.d.s.w.r.o.CachingOperationNameGenerator - Generating unique operation named: outputExcelUsingPOST_1
12:41:38.791 xcz.log [main] INFO  s.d.s.w.r.o.CachingOperationNameGenerator - Generating unique operation named: saveUsingPOST_2
12:41:38.844 xcz.log [main] INFO  top.alvinsite.demo.DemoApplication - Started DemoApplication in 9.613 seconds (JVM running for 10.38)
12:41:46.539 xcz.log [SpringContextShutdownHook] INFO  o.s.s.c.ThreadPoolTaskExecutor - Shutting down ExecutorService 'applicationTaskExecutor'
